[0.006s] Invoking command in '/root/ros2_ws/build/get_sensor_status': CMAKE_PREFIX_PATH=/opt/ros/humble:/root/ros2_ws/install/srvs LD_LIBRARY_PATH=/root/ros2_ws/install/srvs/lib:${LD_LIBRARY_PATH} PKG_CONFIG_PATH=/root/ros2_ws/install/srvs/lib/aarch64-linux-gnu/pkgconfig:/root/ros2_ws/install/srvs/lib/pkgconfig PYTHONPATH=/root/ros2_ws/install/srvs/local/lib/python3.10/dist-packages:${PYTHONPATH} ROS_PACKAGE_PATH=/root/ros2_ws/install/srvs/share /usr/bin/cmake /root/ros2_ws/src/get_sensor_status -DCMAKE_INSTALL_PREFIX=/root/ros2_ws/install/get_sensor_status
[0.046s] -- The C compiler identification is GNU 11.4.0
[0.086s] -- The CXX compiler identification is GNU 11.4.0
[0.091s] -- Detecting C compiler ABI info
[0.138s] -- Detecting C compiler ABI info - done
[0.144s] -- Check for working C compiler: /usr/bin/cc - skipped
[0.144s] -- Detecting C compile features
[0.144s] -- Detecting C compile features - done
[0.147s] -- Detecting CXX compiler ABI info
[0.198s] -- Detecting CXX compiler ABI info - done
[0.204s] -- Check for working CXX compiler: /usr/bin/c++ - skipped
[0.205s] -- Detecting CXX compile features
[0.205s] -- Detecting CXX compile features - done
[0.207s] -- Found ament_cmake: 1.3.10 (/opt/ros/humble/share/ament_cmake/cmake)
[0.298s] -- Found Python3: /usr/bin/python3 (found version "3.10.12") found components: Interpreter 
[0.362s] -- Found rclcpp: 16.0.9 (/opt/ros/humble/share/rclcpp/cmake)
[0.391s] -- Found rosidl_generator_c: 3.1.5 (/opt/ros/humble/share/rosidl_generator_c/cmake)
[0.395s] -- Found rosidl_adapter: 3.1.5 (/opt/ros/humble/share/rosidl_adapter/cmake)
[0.401s] -- Found rosidl_generator_cpp: 3.1.5 (/opt/ros/humble/share/rosidl_generator_cpp/cmake)
[0.411s] -- Using all available rosidl_typesupport_c: rosidl_typesupport_fastrtps_c;rosidl_typesupport_introspection_c
[0.428s] -- Using all available rosidl_typesupport_cpp: rosidl_typesupport_fastrtps_cpp;rosidl_typesupport_introspection_cpp
[0.485s] -- Found rmw_implementation_cmake: 6.1.2 (/opt/ros/humble/share/rmw_implementation_cmake/cmake)
[0.487s] -- Found rmw_fastrtps_cpp: 6.2.6 (/opt/ros/humble/share/rmw_fastrtps_cpp/cmake)
[0.551s] -- Found OpenSSL: /usr/lib/aarch64-linux-gnu/libcrypto.so (found version "3.0.2")  
[0.572s] -- Found FastRTPS: /opt/ros/humble/include  
[0.613s] -- Using RMW implementation 'rmw_fastrtps_cpp' as default
[0.620s] -- Looking for pthread.h
[0.672s] -- Looking for pthread.h - found
[0.672s] -- Performing Test CMAKE_HAVE_LIBC_PTHREAD
[0.722s] -- Performing Test CMAKE_HAVE_LIBC_PTHREAD - Success
[0.723s] -- Found Threads: TRUE  
[0.862s] -- Found srvs: 0.0.0 (/root/ros2_ws/install/srvs/share/srvs/cmake)
[0.924s] -- Configuring done
[0.932s] -- Generating done
[0.933s] -- Build files have been written to: /root/ros2_ws/build/get_sensor_status
[0.939s] Invoked command in '/root/ros2_ws/build/get_sensor_status' returned '0': CMAKE_PREFIX_PATH=/opt/ros/humble:/root/ros2_ws/install/srvs LD_LIBRARY_PATH=/root/ros2_ws/install/srvs/lib:${LD_LIBRARY_PATH} PKG_CONFIG_PATH=/root/ros2_ws/install/srvs/lib/aarch64-linux-gnu/pkgconfig:/root/ros2_ws/install/srvs/lib/pkgconfig PYTHONPATH=/root/ros2_ws/install/srvs/local/lib/python3.10/dist-packages:${PYTHONPATH} ROS_PACKAGE_PATH=/root/ros2_ws/install/srvs/share /usr/bin/cmake /root/ros2_ws/src/get_sensor_status -DCMAKE_INSTALL_PREFIX=/root/ros2_ws/install/get_sensor_status
[0.940s] Invoking command in '/root/ros2_ws/build/get_sensor_status': CMAKE_PREFIX_PATH=/opt/ros/humble:/root/ros2_ws/install/srvs LD_LIBRARY_PATH=/root/ros2_ws/install/srvs/lib:${LD_LIBRARY_PATH} PKG_CONFIG_PATH=/root/ros2_ws/install/srvs/lib/aarch64-linux-gnu/pkgconfig:/root/ros2_ws/install/srvs/lib/pkgconfig PYTHONPATH=/root/ros2_ws/install/srvs/local/lib/python3.10/dist-packages:${PYTHONPATH} ROS_PACKAGE_PATH=/root/ros2_ws/install/srvs/share /usr/bin/cmake --build /root/ros2_ws/build/get_sensor_status -- -j4 -l4
[0.970s] [ 25%] [32mBuilding CXX object CMakeFiles/get_sensor_status_client.dir/src/client.cpp.o[0m
[0.970s] [ 50%] [32mBuilding CXX object CMakeFiles/get_sensor_status_service.dir/src/service.cpp.o[0m
[2.733s] In file included from [01m[K/opt/ros/humble/include/rclcpp/rclcpp/logging.hpp:24[m[K,
[2.733s]                  from [01m[K/opt/ros/humble/include/rclcpp/rclcpp/client.hpp:40[m[K,
[2.733s]                  from [01m[K/opt/ros/humble/include/rclcpp/rclcpp/callback_group.hpp:24[m[K,
[2.733s]                  from [01m[K/opt/ros/humble/include/rclcpp/rclcpp/any_executable.hpp:20[m[K,
[2.734s]                  from [01m[K/opt/ros/humble/include/rclcpp/rclcpp/memory_strategy.hpp:25[m[K,
[2.734s]                  from [01m[K/opt/ros/humble/include/rclcpp/rclcpp/memory_strategies.hpp:18[m[K,
[2.734s]                  from [01m[K/opt/ros/humble/include/rclcpp/rclcpp/executor_options.hpp:20[m[K,
[2.734s]                  from [01m[K/opt/ros/humble/include/rclcpp/rclcpp/executor.hpp:37[m[K,
[2.734s]                  from [01m[K/opt/ros/humble/include/rclcpp/rclcpp/executors/multi_threaded_executor.hpp:25[m[K,
[2.734s]                  from [01m[K/opt/ros/humble/include/rclcpp/rclcpp/executors.hpp:21[m[K,
[2.734s]                  from [01m[K/opt/ros/humble/include/rclcpp/rclcpp/rclcpp.hpp:155[m[K,
[2.734s]                  from [01m[K/root/ros2_ws/src/get_sensor_status/src/client.cpp:1[m[K:
[2.734s] [01m[K/root/ros2_ws/src/get_sensor_status/src/client.cpp:[m[K In function â€˜[01m[Kint main(int, char**)[m[Kâ€™:
[2.734s] [01m[K/root/ros2_ws/src/get_sensor_status/src/client.cpp:44:55:[m[K [01;35m[Kwarning: [m[Kformat â€˜[01m[K%u[m[Kâ€™ expects argument of type â€˜[01m[Kunsigned int[m[Kâ€™, but argument 5 has type â€˜[01m[Kconst _sensortype_type[m[Kâ€™ {aka â€˜[01m[Kconst srvs::msg::SensorType_<std::allocator<void> >[m[Kâ€™} [[01;35m[K-Wformat=[m[K]
[2.734s]    44 |             RCLCPP_INFO(rclcpp::get_logger("rclcpp"), [01;35m[K"Sensor Type: %u"[m[K, [32m[Kstatus.sensortype[m[K);
[2.734s]       |                                                       [01;35m[K^~~~~~~~~~~~~~~~~[m[K  [32m[K~~~~~~~~~~~~~~~~~[m[K
[2.734s]       |                                                                                 [32m[K|[m[K
[2.734s]       |                                                                                 [32m[Kconst _sensortype_type {aka const srvs::msg::SensorType_<std::allocator<void> >}[m[K
[2.734s] [01m[K/root/ros2_ws/src/get_sensor_status/src/client.cpp:44:70:[m[K [01;36m[Knote: [m[Kformat string is defined here
[2.734s]    44 |    RCLCPP_INFO(rclcpp::get_logger("rclcpp"), "Sensor Type: [01;36m[K%u[m[K", status.sensortype);
[2.734s]       |                                                            [01;36m[K~^[m[K
[2.734s]       |                                                             [01;36m[K|[m[K
[2.734s]       |                                                             [01;36m[Kunsigned int[m[K
[2.734s] 
[2.736s] [01m[K/root/ros2_ws/src/get_sensor_status/src/service.cpp:[m[K In function â€˜[01m[Kvoid generateData(std::shared_ptr<srvs::srv::GetSensorStatusList_Request_<std::allocator<void> > >, std::shared_ptr<srvs::srv::GetSensorStatusList_Response_<std::allocator<void> > >)[m[Kâ€™:
[2.737s] [01m[K/root/ros2_ws/src/get_sensor_status/src/service.cpp:36:41:[m[K [01;31m[Kerror: [m[Kâ€˜[01m[KSensorType[m[Kâ€™ does not name a type
[2.737s]    36 |         status.sensortype = static_cast<[01;31m[KSensorType[m[K>(sensor_type_dist(gen));
[2.737s]       |                                         [01;31m[K^~~~~~~~~~[m[K
[2.737s] [01m[K/root/ros2_ws/src/get_sensor_status/src/service.cpp:10:82:[m[K [01;35m[Kwarning: [m[Kunused parameter â€˜[01m[Krequest[m[Kâ€™ [[01;35m[K-Wunused-parameter[m[K]
[2.737s]    10 | void generateData([01;35m[Kconst std::shared_ptr<srvs::srv::GetSensorStatusList::Request> request[m[K,
[2.737s]       |                   [01;35m[K~~~~~~~~~~~~~~~~~~~~~~~~~~~~~~~~~~~~~~~~~~~~~~~~~~~~~~~~~~~~~~~^~~~~~~[m[K
[3.203s] gmake[2]: *** [CMakeFiles/get_sensor_status_service.dir/build.make:76: CMakeFiles/get_sensor_status_service.dir/src/service.cpp.o] Error 1
[3.203s] gmake[1]: *** [CMakeFiles/Makefile2:165: CMakeFiles/get_sensor_status_service.dir/all] Error 2
[3.204s] gmake[1]: *** Waiting for unfinished jobs....
[3.551s] [ 75%] [32m[1mLinking CXX executable get_sensor_status_client[0m
[3.657s] [ 75%] Built target get_sensor_status_client
[3.658s] gmake: *** [Makefile:146: all] Error 2
[3.659s] Invoked command in '/root/ros2_ws/build/get_sensor_status' returned '2': CMAKE_PREFIX_PATH=/opt/ros/humble:/root/ros2_ws/install/srvs LD_LIBRARY_PATH=/root/ros2_ws/install/srvs/lib:${LD_LIBRARY_PATH} PKG_CONFIG_PATH=/root/ros2_ws/install/srvs/lib/aarch64-linux-gnu/pkgconfig:/root/ros2_ws/install/srvs/lib/pkgconfig PYTHONPATH=/root/ros2_ws/install/srvs/local/lib/python3.10/dist-packages:${PYTHONPATH} ROS_PACKAGE_PATH=/root/ros2_ws/install/srvs/share /usr/bin/cmake --build /root/ros2_ws/build/get_sensor_status -- -j4 -l4
