[0.005s] Invoking command in '/root/ros2_ws/build/get_sensor_status': CMAKE_PREFIX_PATH=/opt/ros/humble:/root/ros2_ws/install/srvs LD_LIBRARY_PATH=/root/ros2_ws/install/srvs/lib:${LD_LIBRARY_PATH} PKG_CONFIG_PATH=/root/ros2_ws/install/srvs/lib/aarch64-linux-gnu/pkgconfig:/root/ros2_ws/install/srvs/lib/pkgconfig PYTHONPATH=/root/ros2_ws/install/srvs/local/lib/python3.10/dist-packages:${PYTHONPATH} ROS_PACKAGE_PATH=/root/ros2_ws/install/srvs/share /usr/bin/cmake /root/ros2_ws/src/get_sensor_status -DCMAKE_INSTALL_PREFIX=/root/ros2_ws/install/get_sensor_status
[0.047s] -- The C compiler identification is GNU 11.4.0
[0.085s] -- The CXX compiler identification is GNU 11.4.0
[0.090s] -- Detecting C compiler ABI info
[0.139s] -- Detecting C compiler ABI info - done
[0.145s] -- Check for working C compiler: /usr/bin/cc - skipped
[0.145s] -- Detecting C compile features
[0.145s] -- Detecting C compile features - done
[0.148s] -- Detecting CXX compiler ABI info
[0.199s] -- Detecting CXX compiler ABI info - done
[0.205s] -- Check for working CXX compiler: /usr/bin/c++ - skipped
[0.205s] -- Detecting CXX compile features
[0.206s] -- Detecting CXX compile features - done
[0.210s] -- Found ament_cmake: 1.3.10 (/opt/ros/humble/share/ament_cmake/cmake)
[0.299s] -- Found Python3: /usr/bin/python3 (found version "3.10.12") found components: Interpreter 
[0.363s] -- Found rclcpp: 16.0.9 (/opt/ros/humble/share/rclcpp/cmake)
[0.393s] -- Found rosidl_generator_c: 3.1.5 (/opt/ros/humble/share/rosidl_generator_c/cmake)
[0.397s] -- Found rosidl_adapter: 3.1.5 (/opt/ros/humble/share/rosidl_adapter/cmake)
[0.403s] -- Found rosidl_generator_cpp: 3.1.5 (/opt/ros/humble/share/rosidl_generator_cpp/cmake)
[0.416s] -- Using all available rosidl_typesupport_c: rosidl_typesupport_fastrtps_c;rosidl_typesupport_introspection_c
[0.431s] -- Using all available rosidl_typesupport_cpp: rosidl_typesupport_fastrtps_cpp;rosidl_typesupport_introspection_cpp
[0.488s] -- Found rmw_implementation_cmake: 6.1.2 (/opt/ros/humble/share/rmw_implementation_cmake/cmake)
[0.490s] -- Found rmw_fastrtps_cpp: 6.2.6 (/opt/ros/humble/share/rmw_fastrtps_cpp/cmake)
[0.554s] -- Found OpenSSL: /usr/lib/aarch64-linux-gnu/libcrypto.so (found version "3.0.2")  
[0.575s] -- Found FastRTPS: /opt/ros/humble/include  
[0.615s] -- Using RMW implementation 'rmw_fastrtps_cpp' as default
[0.622s] -- Looking for pthread.h
[0.670s] -- Looking for pthread.h - found
[0.670s] -- Performing Test CMAKE_HAVE_LIBC_PTHREAD
[0.719s] -- Performing Test CMAKE_HAVE_LIBC_PTHREAD - Success
[0.720s] -- Found Threads: TRUE  
[0.863s] -- Found srvs: 0.0.0 (/root/ros2_ws/install/srvs/share/srvs/cmake)
[0.925s] -- Configuring done
[0.934s] -- Generating done
[0.935s] -- Build files have been written to: /root/ros2_ws/build/get_sensor_status
[0.941s] Invoked command in '/root/ros2_ws/build/get_sensor_status' returned '0': CMAKE_PREFIX_PATH=/opt/ros/humble:/root/ros2_ws/install/srvs LD_LIBRARY_PATH=/root/ros2_ws/install/srvs/lib:${LD_LIBRARY_PATH} PKG_CONFIG_PATH=/root/ros2_ws/install/srvs/lib/aarch64-linux-gnu/pkgconfig:/root/ros2_ws/install/srvs/lib/pkgconfig PYTHONPATH=/root/ros2_ws/install/srvs/local/lib/python3.10/dist-packages:${PYTHONPATH} ROS_PACKAGE_PATH=/root/ros2_ws/install/srvs/share /usr/bin/cmake /root/ros2_ws/src/get_sensor_status -DCMAKE_INSTALL_PREFIX=/root/ros2_ws/install/get_sensor_status
[0.943s] Invoking command in '/root/ros2_ws/build/get_sensor_status': CMAKE_PREFIX_PATH=/opt/ros/humble:/root/ros2_ws/install/srvs LD_LIBRARY_PATH=/root/ros2_ws/install/srvs/lib:${LD_LIBRARY_PATH} PKG_CONFIG_PATH=/root/ros2_ws/install/srvs/lib/aarch64-linux-gnu/pkgconfig:/root/ros2_ws/install/srvs/lib/pkgconfig PYTHONPATH=/root/ros2_ws/install/srvs/local/lib/python3.10/dist-packages:${PYTHONPATH} ROS_PACKAGE_PATH=/root/ros2_ws/install/srvs/share /usr/bin/cmake --build /root/ros2_ws/build/get_sensor_status -- -j4 -l4
[0.972s] [ 25%] [32mBuilding CXX object CMakeFiles/get_sensor_status_client.dir/src/client.cpp.o[0m
[0.972s] [ 50%] [32mBuilding CXX object CMakeFiles/get_sensor_status_service.dir/src/service.cpp.o[0m
[2.732s] In file included from [01m[K/opt/ros/humble/include/rclcpp/rclcpp/logging.hpp:24[m[K,
[2.732s]                  from [01m[K/opt/ros/humble/include/rclcpp/rclcpp/client.hpp:40[m[K,
[2.732s]                  from [01m[K/opt/ros/humble/include/rclcpp/rclcpp/callback_group.hpp:24[m[K,
[2.732s]                  from [01m[K/opt/ros/humble/include/rclcpp/rclcpp/any_executable.hpp:20[m[K,
[2.732s]                  from [01m[K/opt/ros/humble/include/rclcpp/rclcpp/memory_strategy.hpp:25[m[K,
[2.732s]                  from [01m[K/opt/ros/humble/include/rclcpp/rclcpp/memory_strategies.hpp:18[m[K,
[2.732s]                  from [01m[K/opt/ros/humble/include/rclcpp/rclcpp/executor_options.hpp:20[m[K,
[2.732s]                  from [01m[K/opt/ros/humble/include/rclcpp/rclcpp/executor.hpp:37[m[K,
[2.732s]                  from [01m[K/opt/ros/humble/include/rclcpp/rclcpp/executors/multi_threaded_executor.hpp:25[m[K,
[2.733s]                  from [01m[K/opt/ros/humble/include/rclcpp/rclcpp/executors.hpp:21[m[K,
[2.733s]                  from [01m[K/opt/ros/humble/include/rclcpp/rclcpp/rclcpp.hpp:155[m[K,
[2.733s]                  from [01m[K/root/ros2_ws/src/get_sensor_status/src/client.cpp:1[m[K:
[2.733s] [01m[K/root/ros2_ws/src/get_sensor_status/src/client.cpp:[m[K In function â€˜[01m[Kint main(int, char**)[m[Kâ€™:
[2.733s] [01m[K/root/ros2_ws/src/get_sensor_status/src/client.cpp:43:55:[m[K [01;35m[Kwarning: [m[Kformat â€˜[01m[K%u[m[Kâ€™ expects argument of type â€˜[01m[Kunsigned int[m[Kâ€™, but argument 5 has type â€˜[01m[Kconst _sensortype_type[m[Kâ€™ {aka â€˜[01m[Kconst srvs::msg::SensorType_<std::allocator<void> >[m[Kâ€™} [[01;35m[K-Wformat=[m[K]
[2.733s]    43 |             RCLCPP_INFO(rclcpp::get_logger("rclcpp"), [01;35m[K"Sensor Type: %u"[m[K, [32m[Kstatus.sensortype[m[K);
[2.733s]       |                                                       [01;35m[K^~~~~~~~~~~~~~~~~[m[K  [32m[K~~~~~~~~~~~~~~~~~[m[K
[2.733s]       |                                                                                 [32m[K|[m[K
[2.733s]       |                                                                                 [32m[Kconst _sensortype_type {aka const srvs::msg::SensorType_<std::allocator<void> >}[m[K
[2.733s] [01m[K/root/ros2_ws/src/get_sensor_status/src/client.cpp:43:70:[m[K [01;36m[Knote: [m[Kformat string is defined here
[2.733s]    43 |    RCLCPP_INFO(rclcpp::get_logger("rclcpp"), "Sensor Type: [01;36m[K%u[m[K", status.sensortype);
[2.733s]       |                                                            [01;36m[K~^[m[K
[2.733s]       |                                                             [01;36m[K|[m[K
[2.733s]       |                                                             [01;36m[Kunsigned int[m[K
[2.733s] 
[2.740s] [01m[K/root/ros2_ws/src/get_sensor_status/src/service.cpp:[m[K In function â€˜[01m[Kvoid generateData(std::shared_ptr<srvs::srv::GetSensorStatusList_Request_<std::allocator<void> > >, std::shared_ptr<srvs::srv::GetSensorStatusList_Response_<std::allocator<void> > >)[m[Kâ€™:
[2.740s] [01m[K/root/ros2_ws/src/get_sensor_status/src/service.cpp:35:105:[m[K [01;31m[Kerror: [m[Kno matching function for call to â€˜[01m[Ksrvs::msg::SensorType_<std::allocator<void> >::SensorType_(std::uniform_int_distribution<>::result_type)[m[Kâ€™
[2.740s]    35 |         status.sensortype = static_cast<srvs::msg::SensorStatus::_sensortype_type>(sensor_type_dist(gen)[01;31m[K)[m[K;
[2.740s]       |                                                                                                         [01;31m[K^[m[K
[2.741s] In file included from [01m[K/root/ros2_ws/install/srvs/include/srvs/srvs/msg/detail/sensor_status__struct.hpp:20[m[K,
[2.741s]                  from [01m[K/root/ros2_ws/install/srvs/include/srvs/srvs/srv/detail/get_sensor_status_list__struct.hpp:127[m[K,
[2.741s]                  from [01m[K/root/ros2_ws/install/srvs/include/srvs/srvs/srv/get_sensor_status_list.hpp:7[m[K,
[2.741s]                  from [01m[K/root/ros2_ws/src/get_sensor_status/src/service.cpp:2[m[K:
[2.741s] [01m[K/root/ros2_ws/install/srvs/include/srvs/srvs/msg/detail/sensor_type__struct.hpp:45:12:[m[K [01;36m[Knote: [m[Kcandidate: â€˜[01m[Ksrvs::msg::SensorType_<ContainerAllocator>::SensorType_(const ContainerAllocator&, rosidl_runtime_cpp::MessageInitialization) [with ContainerAllocator = std::allocator<void>][m[Kâ€™
[2.741s]    45 |   explicit [01;36m[KSensorType_[m[K(const ContainerAllocator & _alloc, rosidl_runtime_cpp::MessageInitialization _init = rosidl_runtime_cpp::MessageInitialization::ALL)
[2.741s]       |            [01;36m[K^~~~~~~~~~~[m[K
[2.741s] [01m[K/root/ros2_ws/install/srvs/include/srvs/srvs/msg/detail/sensor_type__struct.hpp:45:51:[m[K [01;36m[Knote: [m[K  no known conversion for argument 1 from â€˜[01m[Kstd::uniform_int_distribution<>::result_type[m[Kâ€™ {aka â€˜[01m[Kint[m[Kâ€™} to â€˜[01m[Kconst std::allocator<void>&[m[Kâ€™
[2.741s]    45 |   explicit SensorType_([01;36m[Kconst ContainerAllocator & _alloc[m[K, rosidl_runtime_cpp::MessageInitialization _init = rosidl_runtime_cpp::MessageInitialization::ALL)
[2.741s]       |                        [01;36m[K~~~~~~~~~~~~~~~~~~~~~~~~~~~^~~~~~[m[K
[2.741s] [01m[K/root/ros2_ws/install/srvs/include/srvs/srvs/msg/detail/sensor_type__struct.hpp:36:12:[m[K [01;36m[Knote: [m[Kcandidate: â€˜[01m[Ksrvs::msg::SensorType_<ContainerAllocator>::SensorType_(rosidl_runtime_cpp::MessageInitialization) [with ContainerAllocator = std::allocator<void>][m[Kâ€™
[2.741s]    36 |   explicit [01;36m[KSensorType_[m[K(rosidl_runtime_cpp::MessageInitialization _init = rosidl_runtime_cpp::MessageInitialization::ALL)
[2.741s]       |            [01;36m[K^~~~~~~~~~~[m[K
[2.741s] [01m[K/root/ros2_ws/install/srvs/include/srvs/srvs/msg/detail/sensor_type__struct.hpp:36:66:[m[K [01;36m[Knote: [m[K  no known conversion for argument 1 from â€˜[01m[Kstd::uniform_int_distribution<>::result_type[m[Kâ€™ {aka â€˜[01m[Kint[m[Kâ€™} to â€˜[01m[Krosidl_runtime_cpp::MessageInitialization[m[Kâ€™
[2.741s]    36 |   explicit SensorType_([01;36m[Krosidl_runtime_cpp::MessageInitialization _init = rosidl_runtime_cpp::MessageInitialization::ALL[m[K)
[2.742s]       |                        [01;36m[K~~~~~~~~~~~~~~~~~~~~~~~~~~~~~~~~~~~~~~~~~~^~~~~~~~~~~~~~~~~~~~~~~~~~~~~~~~~~~~~~~~~~~~~~~~~~~~~~[m[K
[2.742s] [01m[K/root/ros2_ws/install/srvs/include/srvs/srvs/msg/detail/sensor_type__struct.hpp:32:8:[m[K [01;36m[Knote: [m[Kcandidate: â€˜[01m[Kconstexpr srvs::msg::SensorType_<std::allocator<void> >::SensorType_(const srvs::msg::SensorType_<std::allocator<void> >&)[m[Kâ€™
[2.742s]    32 | struct [01;36m[KSensorType_[m[K
[2.742s]       |        [01;36m[K^~~~~~~~~~~[m[K
[2.742s] [01m[K/root/ros2_ws/install/srvs/include/srvs/srvs/msg/detail/sensor_type__struct.hpp:32:8:[m[K [01;36m[Knote: [m[K  no known conversion for argument 1 from â€˜[01m[Kstd::uniform_int_distribution<>::result_type[m[Kâ€™ {aka â€˜[01m[Kint[m[Kâ€™} to â€˜[01m[Kconst srvs::msg::SensorType_<std::allocator<void> >&[m[Kâ€™
[2.742s] [01m[K/root/ros2_ws/install/srvs/include/srvs/srvs/msg/detail/sensor_type__struct.hpp:32:8:[m[K [01;36m[Knote: [m[Kcandidate: â€˜[01m[Kconstexpr srvs::msg::SensorType_<std::allocator<void> >::SensorType_(srvs::msg::SensorType_<std::allocator<void> >&&)[m[Kâ€™
[2.742s] [01m[K/root/ros2_ws/install/srvs/include/srvs/srvs/msg/detail/sensor_type__struct.hpp:32:8:[m[K [01;36m[Knote: [m[K  no known conversion for argument 1 from â€˜[01m[Kstd::uniform_int_distribution<>::result_type[m[Kâ€™ {aka â€˜[01m[Kint[m[Kâ€™} to â€˜[01m[Ksrvs::msg::SensorType_<std::allocator<void> >&&[m[Kâ€™
[2.742s] [01m[K/root/ros2_ws/src/get_sensor_status/src/service.cpp:9:82:[m[K [01;35m[Kwarning: [m[Kunused parameter â€˜[01m[Krequest[m[Kâ€™ [[01;35m[K-Wunused-parameter[m[K]
[2.742s]     9 | void generateData([01;35m[Kconst std::shared_ptr<srvs::srv::GetSensorStatusList::Request> request[m[K,
[2.742s]       |                   [01;35m[K~~~~~~~~~~~~~~~~~~~~~~~~~~~~~~~~~~~~~~~~~~~~~~~~~~~~~~~~~~~~~~~^~~~~~~[m[K
[3.197s] gmake[2]: *** [CMakeFiles/get_sensor_status_service.dir/build.make:76: CMakeFiles/get_sensor_status_service.dir/src/service.cpp.o] Error 1
[3.197s] gmake[1]: *** [CMakeFiles/Makefile2:165: CMakeFiles/get_sensor_status_service.dir/all] Error 2
[3.197s] gmake[1]: *** Waiting for unfinished jobs....
[3.541s] [ 75%] [32m[1mLinking CXX executable get_sensor_status_client[0m
[3.648s] [ 75%] Built target get_sensor_status_client
[3.649s] gmake: *** [Makefile:146: all] Error 2
[3.650s] Invoked command in '/root/ros2_ws/build/get_sensor_status' returned '2': CMAKE_PREFIX_PATH=/opt/ros/humble:/root/ros2_ws/install/srvs LD_LIBRARY_PATH=/root/ros2_ws/install/srvs/lib:${LD_LIBRARY_PATH} PKG_CONFIG_PATH=/root/ros2_ws/install/srvs/lib/aarch64-linux-gnu/pkgconfig:/root/ros2_ws/install/srvs/lib/pkgconfig PYTHONPATH=/root/ros2_ws/install/srvs/local/lib/python3.10/dist-packages:${PYTHONPATH} ROS_PACKAGE_PATH=/root/ros2_ws/install/srvs/share /usr/bin/cmake --build /root/ros2_ws/build/get_sensor_status -- -j4 -l4
