-- The C compiler identification is GNU 11.4.0
-- The CXX compiler identification is GNU 11.4.0
-- Detecting C compiler ABI info
-- Detecting C compiler ABI info - done
-- Check for working C compiler: /usr/bin/cc - skipped
-- Detecting C compile features
-- Detecting C compile features - done
-- Detecting CXX compiler ABI info
-- Detecting CXX compiler ABI info - done
-- Check for working CXX compiler: /usr/bin/c++ - skipped
-- Detecting CXX compile features
-- Detecting CXX compile features - done
-- Found ament_cmake: 1.3.10 (/opt/ros/humble/share/ament_cmake/cmake)
-- Found Python3: /usr/bin/python3 (found version "3.10.12") found components: Interpreter 
-- Found rclcpp: 16.0.9 (/opt/ros/humble/share/rclcpp/cmake)
-- Found rosidl_generator_c: 3.1.5 (/opt/ros/humble/share/rosidl_generator_c/cmake)
-- Found rosidl_adapter: 3.1.5 (/opt/ros/humble/share/rosidl_adapter/cmake)
-- Found rosidl_generator_cpp: 3.1.5 (/opt/ros/humble/share/rosidl_generator_cpp/cmake)
-- Using all available rosidl_typesupport_c: rosidl_typesupport_fastrtps_c;rosidl_typesupport_introspection_c
-- Using all available rosidl_typesupport_cpp: rosidl_typesupport_fastrtps_cpp;rosidl_typesupport_introspection_cpp
-- Found rmw_implementation_cmake: 6.1.2 (/opt/ros/humble/share/rmw_implementation_cmake/cmake)
-- Found rmw_fastrtps_cpp: 6.2.6 (/opt/ros/humble/share/rmw_fastrtps_cpp/cmake)
-- Found OpenSSL: /usr/lib/aarch64-linux-gnu/libcrypto.so (found version "3.0.2")  
-- Found FastRTPS: /opt/ros/humble/include  
-- Using RMW implementation 'rmw_fastrtps_cpp' as default
-- Looking for pthread.h
-- Looking for pthread.h - found
-- Performing Test CMAKE_HAVE_LIBC_PTHREAD
-- Performing Test CMAKE_HAVE_LIBC_PTHREAD - Success
-- Found Threads: TRUE  
-- Found srvs: 0.0.0 (/root/ros2_ws/install/srvs/share/srvs/cmake)
-- Configuring done
-- Generating done
-- Build files have been written to: /root/ros2_ws/build/get_sensor_status
[ 50%] [32mBuilding CXX object CMakeFiles/get_sensor_status_client.dir/src/client.cpp.o[0m
[ 50%] [32mBuilding CXX object CMakeFiles/get_sensor_status_service.dir/src/service.cpp.o[0m
[01m[K/root/ros2_ws/src/get_sensor_status/src/client.cpp:2:10:[m[K [01;31m[Kfatal error: [m[Ksrvs/srv/getsensorstatuslist.hpp: No such file or directory
    2 | #include [01;31m[K"srvs/srv/getsensorstatuslist.hpp"[m[K
      |          [01;31m[K^~~~~~~~~~~~~~~~~~~~~~~~~~~~~~~~~~[m[K
[01m[K/root/ros2_ws/src/get_sensor_status/src/service.cpp:2:10:[m[K [01;31m[Kfatal error: [m[Ksrvs/srv/getsensorstatuslist.hpp: No such file or directory
    2 | #include [01;31m[K"srvs/srv/getsensorstatuslist.hpp"[m[K
      |          [01;31m[K^~~~~~~~~~~~~~~~~~~~~~~~~~~~~~~~~~[m[K
compilation terminated.
compilation terminated.
gmake[2]: *** [CMakeFiles/get_sensor_status_service.dir/build.make:76: CMakeFiles/get_sensor_status_service.dir/src/service.cpp.o] Error 1
gmake[2]: *** [CMakeFiles/get_sensor_status_client.dir/build.make:76: CMakeFiles/get_sensor_status_client.dir/src/client.cpp.o] Error 1
gmake[1]: *** [CMakeFiles/Makefile2:139: CMakeFiles/get_sensor_status_client.dir/all] Error 2
gmake[1]: *** Waiting for unfinished jobs....
gmake[1]: *** [CMakeFiles/Makefile2:165: CMakeFiles/get_sensor_status_service.dir/all] Error 2
gmake: *** [Makefile:146: all] Error 2
