[0.006s] Invoking command in '/root/ros2_ws/build/get_sensor_status': CMAKE_PREFIX_PATH=/opt/ros/humble:/root/ros2_ws/install/srvs LD_LIBRARY_PATH=/root/ros2_ws/install/srvs/lib:${LD_LIBRARY_PATH} PKG_CONFIG_PATH=/root/ros2_ws/install/srvs/lib/aarch64-linux-gnu/pkgconfig:/root/ros2_ws/install/srvs/lib/pkgconfig PYTHONPATH=/root/ros2_ws/install/srvs/local/lib/python3.10/dist-packages:${PYTHONPATH} ROS_PACKAGE_PATH=/root/ros2_ws/install/srvs/share /usr/bin/cmake /root/ros2_ws/src/get_sensor_status -DCMAKE_INSTALL_PREFIX=/root/ros2_ws/install/get_sensor_status
[0.048s] -- The C compiler identification is GNU 11.4.0
[0.087s] -- The CXX compiler identification is GNU 11.4.0
[0.093s] -- Detecting C compiler ABI info
[0.138s] -- Detecting C compiler ABI info - done
[0.143s] -- Check for working C compiler: /usr/bin/cc - skipped
[0.143s] -- Detecting C compile features
[0.144s] -- Detecting C compile features - done
[0.146s] -- Detecting CXX compiler ABI info
[0.202s] -- Detecting CXX compiler ABI info - done
[0.208s] -- Check for working CXX compiler: /usr/bin/c++ - skipped
[0.208s] -- Detecting CXX compile features
[0.209s] -- Detecting CXX compile features - done
[0.211s] -- Found ament_cmake: 1.3.10 (/opt/ros/humble/share/ament_cmake/cmake)
[0.306s] -- Found Python3: /usr/bin/python3 (found version "3.10.12") found components: Interpreter 
[0.369s] -- Found rclcpp: 16.0.9 (/opt/ros/humble/share/rclcpp/cmake)
[0.399s] -- Found rosidl_generator_c: 3.1.5 (/opt/ros/humble/share/rosidl_generator_c/cmake)
[0.403s] -- Found rosidl_adapter: 3.1.5 (/opt/ros/humble/share/rosidl_adapter/cmake)
[0.409s] -- Found rosidl_generator_cpp: 3.1.5 (/opt/ros/humble/share/rosidl_generator_cpp/cmake)
[0.419s] -- Using all available rosidl_typesupport_c: rosidl_typesupport_fastrtps_c;rosidl_typesupport_introspection_c
[0.433s] -- Using all available rosidl_typesupport_cpp: rosidl_typesupport_fastrtps_cpp;rosidl_typesupport_introspection_cpp
[0.490s] -- Found rmw_implementation_cmake: 6.1.2 (/opt/ros/humble/share/rmw_implementation_cmake/cmake)
[0.491s] -- Found rmw_fastrtps_cpp: 6.2.6 (/opt/ros/humble/share/rmw_fastrtps_cpp/cmake)
[0.556s] -- Found OpenSSL: /usr/lib/aarch64-linux-gnu/libcrypto.so (found version "3.0.2")  
[0.579s] -- Found FastRTPS: /opt/ros/humble/include  
[0.617s] -- Using RMW implementation 'rmw_fastrtps_cpp' as default
[0.625s] -- Looking for pthread.h
[0.675s] -- Looking for pthread.h - found
[0.675s] -- Performing Test CMAKE_HAVE_LIBC_PTHREAD
[0.723s] -- Performing Test CMAKE_HAVE_LIBC_PTHREAD - Success
[0.724s] -- Found Threads: TRUE  
[0.867s] -- Found srvs: 0.0.0 (/root/ros2_ws/install/srvs/share/srvs/cmake)
[0.927s] -- Configuring done
[0.936s] -- Generating done
[0.937s] -- Build files have been written to: /root/ros2_ws/build/get_sensor_status
[0.943s] Invoked command in '/root/ros2_ws/build/get_sensor_status' returned '0': CMAKE_PREFIX_PATH=/opt/ros/humble:/root/ros2_ws/install/srvs LD_LIBRARY_PATH=/root/ros2_ws/install/srvs/lib:${LD_LIBRARY_PATH} PKG_CONFIG_PATH=/root/ros2_ws/install/srvs/lib/aarch64-linux-gnu/pkgconfig:/root/ros2_ws/install/srvs/lib/pkgconfig PYTHONPATH=/root/ros2_ws/install/srvs/local/lib/python3.10/dist-packages:${PYTHONPATH} ROS_PACKAGE_PATH=/root/ros2_ws/install/srvs/share /usr/bin/cmake /root/ros2_ws/src/get_sensor_status -DCMAKE_INSTALL_PREFIX=/root/ros2_ws/install/get_sensor_status
[0.944s] Invoking command in '/root/ros2_ws/build/get_sensor_status': CMAKE_PREFIX_PATH=/opt/ros/humble:/root/ros2_ws/install/srvs LD_LIBRARY_PATH=/root/ros2_ws/install/srvs/lib:${LD_LIBRARY_PATH} PKG_CONFIG_PATH=/root/ros2_ws/install/srvs/lib/aarch64-linux-gnu/pkgconfig:/root/ros2_ws/install/srvs/lib/pkgconfig PYTHONPATH=/root/ros2_ws/install/srvs/local/lib/python3.10/dist-packages:${PYTHONPATH} ROS_PACKAGE_PATH=/root/ros2_ws/install/srvs/share /usr/bin/cmake --build /root/ros2_ws/build/get_sensor_status -- -j4 -l4
[0.976s] [ 50%] [32mBuilding CXX object CMakeFiles/get_sensor_status_client.dir/src/client.cpp.o[0m
[0.976s] [ 50%] [32mBuilding CXX object CMakeFiles/get_sensor_status_service.dir/src/service.cpp.o[0m
[1.259s] [01m[K/root/ros2_ws/src/get_sensor_status/src/client.cpp:2:10:[m[K [01;31m[Kfatal error: [m[Ksrvs/srv/getsensorstatuslist.hpp: No such file or directory
[1.259s]     2 | #include [01;31m[K"srvs/srv/getsensorstatuslist.hpp"[m[K
[1.259s]       |          [01;31m[K^~~~~~~~~~~~~~~~~~~~~~~~~~~~~~~~~~[m[K
[1.259s] [01m[K/root/ros2_ws/src/get_sensor_status/src/service.cpp:2:10:[m[K [01;31m[Kfatal error: [m[Ksrvs/srv/getsensorstatuslist.hpp: No such file or directory
[1.259s]     2 | #include [01;31m[K"srvs/srv/getsensorstatuslist.hpp"[m[K
[1.260s]       |          [01;31m[K^~~~~~~~~~~~~~~~~~~~~~~~~~~~~~~~~~[m[K
[1.260s] compilation terminated.
[1.260s] compilation terminated.
[1.265s] gmake[2]: *** [CMakeFiles/get_sensor_status_service.dir/build.make:76: CMakeFiles/get_sensor_status_service.dir/src/service.cpp.o] Error 1
[1.265s] gmake[2]: *** [CMakeFiles/get_sensor_status_client.dir/build.make:76: CMakeFiles/get_sensor_status_client.dir/src/client.cpp.o] Error 1
[1.265s] gmake[1]: *** [CMakeFiles/Makefile2:139: CMakeFiles/get_sensor_status_client.dir/all] Error 2
[1.265s] gmake[1]: *** Waiting for unfinished jobs....
[1.265s] gmake[1]: *** [CMakeFiles/Makefile2:165: CMakeFiles/get_sensor_status_service.dir/all] Error 2
[1.265s] gmake: *** [Makefile:146: all] Error 2
[1.267s] Invoked command in '/root/ros2_ws/build/get_sensor_status' returned '2': CMAKE_PREFIX_PATH=/opt/ros/humble:/root/ros2_ws/install/srvs LD_LIBRARY_PATH=/root/ros2_ws/install/srvs/lib:${LD_LIBRARY_PATH} PKG_CONFIG_PATH=/root/ros2_ws/install/srvs/lib/aarch64-linux-gnu/pkgconfig:/root/ros2_ws/install/srvs/lib/pkgconfig PYTHONPATH=/root/ros2_ws/install/srvs/local/lib/python3.10/dist-packages:${PYTHONPATH} ROS_PACKAGE_PATH=/root/ros2_ws/install/srvs/share /usr/bin/cmake --build /root/ros2_ws/build/get_sensor_status -- -j4 -l4
